<?xml version="1.0" encoding="utf-8"?><testsuites name="pytest tests"><testsuite name="pytest" errors="0" failures="0" skipped="0" tests="18" time="8.520" timestamp="2026-03-27T23:32:17.137061+00:00" hostname="agent-env-bef80508-e9a1-4ac2-8fa5-0f930c6510a4"><testcase classname="backend.tests.test_new_features.TestPasswordReset" name="test_forgot_password_valid_email" time="0.176" /><testcase classname="backend.tests.test_new_features.TestPasswordReset" name="test_forgot_password_invalid_email" time="0.130" /><testcase classname="backend.tests.test_new_features.TestPasswordReset" name="test_reset_password_wrong_code" time="0.117" /><testcase classname="backend.tests.test_new_features.TestPasswordReset" name="test_reset_password_full_flow" time="1.454" /><testcase classname="backend.tests.test_new_features.TestStripeCheckout" name="test_checkout_pro_tier" time="1.590" /><testcase classname="backend.tests.test_new_features.TestStripeCheckout" name="test_checkout_business_tier" time="0.539" /><testcase classname="backend.tests.test_new_features.TestStripeCheckout" name="test_checkout_invalid_tier" time="0.123" /><testcase classname="backend.tests.test_new_features.TestStripeCheckout" name="test_checkout_requires_auth" time="0.183" /><testcase classname="backend.tests.test_new_features.TestStripeCheckout" name="test_subscription_status_not_found" time="0.138" /><testcase classname="backend.tests.test_new_features.TestStripeCheckout" name="test_subscription_status_requires_auth" time="0.097" /><testcase classname="backend.tests.test_new_features.TestStripeWebhook" name="test_webhook_endpoint_exists" time="0.109" /><testcase classname="backend.tests.test_new_features.TestScanTopic" name="test_scan_topic_free_user_returns_402" time="0.144" /><testcase classname="backend.tests.test_new_features.TestScanTopic" name="test_scan_topic_requires_auth" time="0.119" /><testcase classname="backend.tests.test_new_features.TestPricingTiers" name="test_pro_tier_amount" time="0.507" /><testcase classname="backend.tests.test_new_features.TestPricingTiers" name="test_business_tier_amount" time="2.502" /><testcase classname="backend.tests.test_new_features.TestRegression" name="test_login_still_works" time="0.330" /><testcase classname="backend.tests.test_new_features.TestRegression" name="test_ideas_feed_still_works" time="0.100" /><testcase classname="backend.tests.test_new_features.TestRegression" name="test_stats_still_works" time="0.108" /></testsuite></testsuites>