<?xml version="1.0" encoding="utf-8"?><testsuites name="pytest tests"><testsuite name="pytest" errors="0" failures="0" skipped="0" tests="18" time="20.485" timestamp="2026-03-28T21:38:56.030700+00:00" hostname="agent-env-bef80508-e9a1-4ac2-8fa5-0f930c6510a4"><testcase classname="backend.tests.test_iteration5_painsignal.TestScrapeStatus" name="test_scrape_status_returns_live_ideas_count" time="0.129" /><testcase classname="backend.tests.test_iteration5_painsignal.TestScrapeStatus" name="test_scrape_status_returns_x_configured" time="0.131" /><testcase classname="backend.tests.test_iteration5_painsignal.TestScrapeStatus" name="test_scrape_status_returns_last_scraped" time="0.134" /><testcase classname="backend.tests.test_iteration5_painsignal.TestScrapeXEndpoint" name="test_scrape_x_requires_auth" time="0.108" /><testcase classname="backend.tests.test_iteration5_painsignal.TestScrapeXEndpoint" name="test_scrape_x_returns_402_for_free_user" time="0.432" /><testcase classname="backend.tests.test_iteration5_painsignal.TestScrapeXEndpoint" name="test_scrape_x_works_for_pro_user" time="10.155" /><testcase classname="backend.tests.test_iteration5_painsignal.TestLiveIdeasInFeed" name="test_feed_contains_live_ideas" time="5.650" /><testcase classname="backend.tests.test_iteration5_painsignal.TestLiveIdeasInFeed" name="test_feed_filter_by_twitter_source" time="0.109" /><testcase classname="backend.tests.test_iteration5_painsignal.TestLiveIdeasInFeed" name="test_feed_filter_by_ai_scan_source" time="0.107" /><testcase classname="backend.tests.test_iteration5_painsignal.TestExistingAuthFeatures" name="test_login_works" time="0.334" /><testcase classname="backend.tests.test_iteration5_painsignal.TestExistingAuthFeatures" name="test_me_endpoint_works" time="0.432" /><testcase classname="backend.tests.test_iteration5_painsignal.TestExistingPricingFeatures" name="test_checkout_endpoint_exists" time="0.099" /><testcase classname="backend.tests.test_iteration5_painsignal.TestExistingPricingFeatures" name="test_checkout_works_for_authenticated_user" time="0.959" /><testcase classname="backend.tests.test_iteration5_painsignal.TestExistingAnalyticsFeatures" name="test_user_analytics_endpoint" time="0.464" /><testcase classname="backend.tests.test_iteration5_painsignal.TestExistingAnalyticsFeatures" name="test_stats_endpoint" time="0.110" /><testcase classname="backend.tests.test_iteration5_painsignal.TestScanTopicFeature" name="test_scan_topic_requires_premium" time="0.425" /><testcase classname="backend.tests.test_iteration5_painsignal.TestPDFExportFeature" name="test_pdf_export_requires_auth" time="0.150" /><testcase classname="backend.tests.test_iteration5_painsignal.TestPDFExportFeature" name="test_pdf_export_requires_premium" time="0.452" /></testsuite></testsuites>