<?xml version="1.0" encoding="utf-8"?><testsuites name="pytest tests"><testsuite name="pytest" errors="0" failures="0" skipped="0" tests="20" time="4.190" timestamp="2026-03-19T17:22:09.103346+00:00" hostname="agent-env-710a9b6f-acee-409d-9227-e99417f649c5"><testcase classname="backend.tests.test_idearadar.TestAuth" name="test_login_success" time="0.425" /><testcase classname="backend.tests.test_idearadar.TestAuth" name="test_login_invalid" time="0.268" /><testcase classname="backend.tests.test_idearadar.TestAuth" name="test_register_duplicate" time="0.172" /><testcase classname="backend.tests.test_idearadar.TestAuth" name="test_register_new_user" time="0.406" /><testcase classname="backend.tests.test_idearadar.TestAuth" name="test_me_endpoint" time="0.488" /><testcase classname="backend.tests.test_idearadar.TestAuth" name="test_me_unauthorized" time="0.136" /><testcase classname="backend.tests.test_idearadar.TestIdeas" name="test_feed_returns_ideas" time="0.157" /><testcase classname="backend.tests.test_idearadar.TestIdeas" name="test_feed_source_filter" time="0.149" /><testcase classname="backend.tests.test_idearadar.TestIdeas" name="test_feed_sort_newest" time="0.168" /><testcase classname="backend.tests.test_idearadar.TestIdeas" name="test_feed_sort_score" time="0.137" /><testcase classname="backend.tests.test_idearadar.TestIdeas" name="test_trending" time="0.163" /><testcase classname="backend.tests.test_idearadar.TestIdeas" name="test_idea_detail" time="0.159" /><testcase classname="backend.tests.test_idearadar.TestIdeas" name="test_idea_not_found" time="0.143" /><testcase classname="backend.tests.test_idearadar.TestSaveIdea" name="test_save_idea" time="0.132" /><testcase classname="backend.tests.test_idearadar.TestSaveIdea" name="test_toggle_save" time="0.272" /><testcase classname="backend.tests.test_idearadar.TestSaveIdea" name="test_get_saved_ideas" time="0.134" /><testcase classname="backend.tests.test_idearadar.TestSaveIdea" name="test_save_requires_auth" time="0.135" /><testcase classname="backend.tests.test_idearadar.TestSubscription" name="test_upgrade_to_premium" time="0.146" /><testcase classname="backend.tests.test_idearadar.TestSubscription" name="test_upgrade_requires_auth" time="0.154" /><testcase classname="backend.tests.test_idearadar.TestStats" name="test_stats" time="0.127" /></testsuite></testsuites>