<?xml version="1.0" encoding="utf-8"?><testsuites name="pytest tests"><testsuite name="pytest" errors="0" failures="0" skipped="0" tests="18" time="11.454" timestamp="2026-03-29T22:40:29.342083+00:00" hostname="agent-env-bef80508-e9a1-4ac2-8fa5-0f930c6510a4"><testcase classname="backend.tests.test_iteration6_features.TestAuth" name="test_login_free_user" time="0.397" /><testcase classname="backend.tests.test_iteration6_features.TestAuth" name="test_login_pro_user" time="0.327" /><testcase classname="backend.tests.test_iteration6_features.TestMultiSourceDiscover" name="test_discover_no_auth" time="0.105" /><testcase classname="backend.tests.test_iteration6_features.TestMultiSourceDiscover" name="test_discover_free_user_returns_402" time="0.541" /><testcase classname="backend.tests.test_iteration6_features.TestMultiSourceDiscover" name="test_discover_pro_user_returns_ideas" time="5.711" /><testcase classname="backend.tests.test_iteration6_features.TestCSVExport" name="test_csv_no_auth" time="0.115" /><testcase classname="backend.tests.test_iteration6_features.TestCSVExport" name="test_csv_free_user_returns_402" time="0.445" /><testcase classname="backend.tests.test_iteration6_features.TestCSVExport" name="test_csv_pro_user_returns_csv" time="0.456" /><testcase classname="backend.tests.test_iteration6_features.TestPublicSharing" name="test_share_no_auth" time="0.103" /><testcase classname="backend.tests.test_iteration6_features.TestPublicSharing" name="test_share_creates_link" time="0.458" /><testcase classname="backend.tests.test_iteration6_features.TestPublicSharing" name="test_share_nonexistent_idea" time="0.422" /><testcase classname="backend.tests.test_iteration6_features.TestPublicSharing" name="test_get_shared_idea_no_auth_required" time="0.568" /><testcase classname="backend.tests.test_iteration6_features.TestPublicSharing" name="test_get_shared_invalid_returns_404" time="0.120" /><testcase classname="backend.tests.test_iteration6_features.TestExistingFeatures" name="test_ideas_feed" time="0.131" /><testcase classname="backend.tests.test_iteration6_features.TestExistingFeatures" name="test_scrape_x_free_user_402" time="0.506" /><testcase classname="backend.tests.test_iteration6_features.TestExistingFeatures" name="test_scan_topic_free_user_402" time="0.438" /><testcase classname="backend.tests.test_iteration6_features.TestExistingFeatures" name="test_user_analytics" time="0.442" /><testcase classname="backend.tests.test_iteration6_features.TestExistingFeatures" name="test_stats_endpoint" time="0.113" /></testsuite></testsuites>