<?xml version="1.0" encoding="utf-8"?><testsuites name="pytest tests"><testsuite name="pytest" errors="0" failures="0" skipped="0" tests="12" time="4.929" timestamp="2026-03-28T01:39:14.335008+00:00" hostname="agent-env-bef80508-e9a1-4ac2-8fa5-0f930c6510a4"><testcase classname="backend.tests.test_iteration4_features.TestAuthentication" name="test_login_success" time="0.372" /><testcase classname="backend.tests.test_iteration4_features.TestPDFExport" name="test_export_pdf_requires_auth" time="0.228" /><testcase classname="backend.tests.test_iteration4_features.TestPDFExport" name="test_export_pdf_returns_402_for_free_user" time="0.591" /><testcase classname="backend.tests.test_iteration4_features.TestPDFExport" name="test_export_pdf_returns_400_if_no_brief" time="0.571" /><testcase classname="backend.tests.test_iteration4_features.TestPDFExport" name="test_export_pdf_with_token_query_param" time="0.539" /><testcase classname="backend.tests.test_iteration4_features.TestPDFExport" name="test_export_pdf_invalid_idea" time="0.439" /><testcase classname="backend.tests.test_iteration4_features.TestUserAnalytics" name="test_analytics_requires_auth" time="0.116" /><testcase classname="backend.tests.test_iteration4_features.TestUserAnalytics" name="test_analytics_returns_correct_fields" time="0.447" /><testcase classname="backend.tests.test_iteration4_features.TestUserAnalytics" name="test_analytics_tier_value" time="0.472" /><testcase classname="backend.tests.test_iteration4_features.TestUserAnalytics" name="test_analytics_recent_briefs_structure" time="0.490" /><testcase classname="backend.tests.test_iteration4_features.TestScanTopicForFreeUser" name="test_scan_topic_returns_402_for_free_user" time="0.445" /><testcase classname="backend.tests.test_iteration4_features.TestIdeasFeed" name="test_ideas_feed_returns_ideas" time="0.120" /></testsuite></testsuites>