<?xml version="1.0" encoding="utf-8"?><testsuites name="pytest tests"><testsuite name="pytest" errors="0" failures="0" skipped="0" tests="23" time="4.308" timestamp="2026-03-19T18:52:35.598294+00:00" hostname="agent-env-bef80508-e9a1-4ac2-8fa5-0f930c6510a4"><testcase classname="backend.tests.test_idearadar.TestAuth" name="test_login_success" time="0.526" /><testcase classname="backend.tests.test_idearadar.TestAuth" name="test_login_invalid" time="0.108" /><testcase classname="backend.tests.test_idearadar.TestAuth" name="test_register_duplicate" time="0.287" /><testcase classname="backend.tests.test_idearadar.TestAuth" name="test_register_new_user" time="0.396" /><testcase classname="backend.tests.test_idearadar.TestAuth" name="test_me_endpoint" time="0.513" /><testcase classname="backend.tests.test_idearadar.TestAuth" name="test_me_unauthorized" time="0.148" /><testcase classname="backend.tests.test_idearadar.TestIdeas" name="test_feed_returns_ideas" time="0.112" /><testcase classname="backend.tests.test_idearadar.TestIdeas" name="test_feed_source_filter" time="0.172" /><testcase classname="backend.tests.test_idearadar.TestIdeas" name="test_feed_sort_newest" time="0.136" /><testcase classname="backend.tests.test_idearadar.TestIdeas" name="test_feed_sort_score" time="0.118" /><testcase classname="backend.tests.test_idearadar.TestIdeas" name="test_trending" time="0.124" /><testcase classname="backend.tests.test_idearadar.TestIdeas" name="test_idea_detail" time="0.098" /><testcase classname="backend.tests.test_idearadar.TestIdeas" name="test_idea_not_found" time="0.107" /><testcase classname="backend.tests.test_idearadar.TestSaveIdea" name="test_save_idea" time="0.111" /><testcase classname="backend.tests.test_idearadar.TestSaveIdea" name="test_toggle_save" time="0.222" /><testcase classname="backend.tests.test_idearadar.TestSaveIdea" name="test_get_saved_ideas" time="0.151" /><testcase classname="backend.tests.test_idearadar.TestSaveIdea" name="test_save_requires_auth" time="0.114" /><testcase classname="backend.tests.test_idearadar.TestSubscription" name="test_upgrade_to_pro_tier" time="0.105" /><testcase classname="backend.tests.test_idearadar.TestSubscription" name="test_upgrade_to_business_tier" time="0.114" /><testcase classname="backend.tests.test_idearadar.TestSubscription" name="test_upgrade_invalid_tier" time="0.118" /><testcase classname="backend.tests.test_idearadar.TestSubscription" name="test_upgrade_default_tier_is_pro" time="0.103" /><testcase classname="backend.tests.test_idearadar.TestSubscription" name="test_upgrade_requires_auth" time="0.109" /><testcase classname="backend.tests.test_idearadar.TestStats" name="test_stats" time="0.129" /></testsuite></testsuites>